\BOOKMARK [1][-]{section.1}{Getting started}{}% 1
\BOOKMARK [2][-]{subsection.1.1}{Introduction to SAMM}{section.1}% 2
\BOOKMARK [2][-]{subsection.1.2}{Installation}{section.1}% 3
\BOOKMARK [2][-]{subsection.1.3}{Structure}{section.1}% 4
\BOOKMARK [2][-]{subsection.1.4}{A simple example: tracking a beam through a beam line}{section.1}% 5
\BOOKMARK [3][-]{subsubsection.1.4.1}{Defining the components in the beam line}{subsection.1.4}% 6
\BOOKMARK [3][-]{subsubsection.1.4.2}{Defining the beam line}{subsection.1.4}% 7
\BOOKMARK [3][-]{subsubsection.1.4.3}{Defining the beam}{subsection.1.4}% 8
\BOOKMARK [3][-]{subsubsection.1.4.4}{Tracking the beam through the beam line}{subsection.1.4}% 9
\BOOKMARK [2][-]{subsection.1.5}{More about beam lines}{section.1}% 10
\BOOKMARK [3][-]{subsubsection.1.5.1}{Apertures and collimation}{subsection.1.5}% 11
\BOOKMARK [3][-]{subsubsection.1.5.2}{Parser for MAD8 lattice files}{subsection.1.5}% 12
\BOOKMARK [2][-]{subsection.1.6}{More about beams}{section.1}% 13
\BOOKMARK [3][-]{subsubsection.1.6.1}{Reference energy}{subsection.1.6}% 14
\BOOKMARK [3][-]{subsubsection.1.6.2}{Reference momentum}{subsection.1.6}% 15
\BOOKMARK [3][-]{subsubsection.1.6.3}{Beam rigidity}{subsection.1.6}% 16
\BOOKMARK [3][-]{subsubsection.1.6.4}{Dynamical variables}{subsection.1.6}% 17
\BOOKMARK [3][-]{subsubsection.1.6.5}{Spin}{subsection.1.6}% 18
\BOOKMARK [1][-]{section.2}{Accelerator components}{}% 19
\BOOKMARK [2][-]{subsection.2.1}{Marker}{section.2}% 20
\BOOKMARK [3][-]{subsubsection.2.1.1}{Properties}{subsection.2.1}% 21
\BOOKMARK [3][-]{subsubsection.2.1.2}{Methods}{subsection.2.1}% 22
\BOOKMARK [2][-]{subsection.2.2}{Drift space}{section.2}% 23
\BOOKMARK [3][-]{subsubsection.2.2.1}{Properties}{subsection.2.2}% 24
\BOOKMARK [3][-]{subsubsection.2.2.2}{Methods}{subsection.2.2}% 25
\BOOKMARK [2][-]{subsection.2.3}{Solenoid}{section.2}% 26
\BOOKMARK [3][-]{subsubsection.2.3.1}{Properties}{subsection.2.3}% 27
\BOOKMARK [3][-]{subsubsection.2.3.2}{Methods}{subsection.2.3}% 28
\BOOKMARK [2][-]{subsection.2.4}{Orbit corrector}{section.2}% 29
\BOOKMARK [3][-]{subsubsection.2.4.1}{Properties}{subsection.2.4}% 30
\BOOKMARK [3][-]{subsubsection.2.4.2}{Methods}{subsection.2.4}% 31
\BOOKMARK [2][-]{subsection.2.5}{Dipole}{section.2}% 32
\BOOKMARK [3][-]{subsubsection.2.5.1}{Properties}{subsection.2.5}% 33
\BOOKMARK [3][-]{subsubsection.2.5.2}{Methods}{subsection.2.5}% 34
\BOOKMARK [2][-]{subsection.2.6}{Quadrupole}{section.2}% 35
\BOOKMARK [3][-]{subsubsection.2.6.1}{Properties}{subsection.2.6}% 36
\BOOKMARK [3][-]{subsubsection.2.6.2}{Methods}{subsection.2.6}% 37
\BOOKMARK [2][-]{subsection.2.7}{Sextupole}{section.2}% 38
\BOOKMARK [3][-]{subsubsection.2.7.1}{Properties}{subsection.2.7}% 39
\BOOKMARK [3][-]{subsubsection.2.7.2}{Methods}{subsection.2.7}% 40
\BOOKMARK [2][-]{subsection.2.8}{RF cavity}{section.2}% 41
\BOOKMARK [3][-]{subsubsection.2.8.1}{Properties}{subsection.2.8}% 42
\BOOKMARK [3][-]{subsubsection.2.8.2}{Methods}{subsection.2.8}% 43
\BOOKMARK [2][-]{subsection.2.9}{RF accelerating structure}{section.2}% 44
\BOOKMARK [3][-]{subsubsection.2.9.1}{Properties}{subsection.2.9}% 45
\BOOKMARK [3][-]{subsubsection.2.9.2}{Methods}{subsection.2.9}% 46
\BOOKMARK [2][-]{subsection.2.10}{Master oscillator}{section.2}% 47
\BOOKMARK [2][-]{subsection.2.11}{Beam position monitor}{section.2}% 48
\BOOKMARK [3][-]{subsubsection.2.11.1}{Properties}{subsection.2.11}% 49
\BOOKMARK [3][-]{subsubsection.2.11.2}{Methods}{subsection.2.11}% 50
\BOOKMARK [1][-]{section.3}{Accelerator physics}{}% 51
\BOOKMARK [2][-]{subsection.3.1}{Particle tracking}{section.3}% 52
\BOOKMARK [2][-]{subsection.3.2}{Transfer matrices}{section.3}% 53
\BOOKMARK [2][-]{subsection.3.3}{Closed orbits and dispersion}{section.3}% 54
\BOOKMARK [2][-]{subsection.3.4}{Lattice functions}{section.3}% 55
\BOOKMARK [2][-]{subsection.3.5}{Synchrotron radiation integrals}{section.3}% 56
\BOOKMARK [2][-]{subsection.3.6}{Spin tracking}{section.3}% 57
\BOOKMARK [1][-]{section.4}{Examples}{}% 58
\BOOKMARK [1][-]{section.5}{Some useful references}{}% 59
