This is pdfTeX, Version 3.1415926-2.3-1.40.12 (MiKTeX 2.9) (preloaded format=pdflatex 2012.12.7)  14 AUG 2015 07:59
entering extended mode
**SAMM.tex
(D:\Documents\Research\Matlab\SAMM3.0\Documentation\SAMM.tex
LaTeX2e <2011/06/27>
Babel <v3.8m> and hyphenation patterns for english, afrikaans, ancientgreek, ar
abic, armenian, assamese, basque, bengali, bokmal, bulgarian, catalan, coptic, 
croatian, czech, danish, dutch, esperanto, estonian, farsi, finnish, french, ga
lician, german, german-x-2009-06-19, greek, gujarati, hindi, hungarian, iceland
ic, indonesian, interlingua, irish, italian, kannada, kurmanji, lao, latin, lat
vian, lithuanian, malayalam, marathi, mongolian, mongolianlmc, monogreek, ngerm
an, ngerman-x-2009-06-19, nynorsk, oriya, panjabi, pinyin, polish, portuguese, 
romanian, russian, sanskrit, serbian, slovak, slovenian, spanish, swedish, swis
sgerman, tamil, telugu, turkish, turkmen, ukenglish, ukrainian, uppersorbian, u
senglishmax, welsh, loaded.
("C:\Program Files (x86)\MiKTeX 2.9\tex\latex\base\article.cls"
Document Class: article 2007/10/19 v1.4h Standard LaTeX document class
("C:\Program Files (x86)\MiKTeX 2.9\tex\latex\base\size11.clo"
File: size11.clo 2007/10/19 v1.4h Standard LaTeX file (size option)
)
\c@part=\count79
\c@section=\count80
\c@subsection=\count81
\c@subsubsection=\count82
\c@paragraph=\count83
\c@subparagraph=\count84
\c@figure=\count85
\c@table=\count86
\abovecaptionskip=\skip41
\belowcaptionskip=\skip42
\bibindent=\dimen102
)
("C:\Program Files (x86)\MiKTeX 2.9\tex\latex\graphics\graphicx.sty"
Package: graphicx 1999/02/16 v1.0f Enhanced LaTeX Graphics (DPC,SPQR)

("C:\Program Files (x86)\MiKTeX 2.9\tex\latex\graphics\keyval.sty"
Package: keyval 1999/03/16 v1.13 key=value parser (DPC)
\KV@toks@=\toks14
)
("C:\Program Files (x86)\MiKTeX 2.9\tex\latex\graphics\graphics.sty"
Package: graphics 2009/02/05 v1.0o Standard LaTeX Graphics (DPC,SPQR)

("C:\Program Files (x86)\MiKTeX 2.9\tex\latex\graphics\trig.sty"
Package: trig 1999/03/16 v1.09 sin cos tan (DPC)
)
("C:\Program Files (x86)\MiKTeX 2.9\tex\latex\00miktex\graphics.cfg"
File: graphics.cfg 2007/01/18 v1.5 graphics configuration of teTeX/TeXLive
)
Package graphics Info: Driver file: pdftex.def on input line 91.

("C:\Program Files (x86)\MiKTeX 2.9\tex\latex\pdftex-def\pdftex.def"
File: pdftex.def 2011/05/27 v0.06d Graphics/color for pdfTeX

("C:\Program Files (x86)\MiKTeX 2.9\tex\generic\oberdiek\infwarerr.sty"
Package: infwarerr 2010/04/08 v1.3 Providing info/warning/error messages (HO)
)
("C:\Program Files (x86)\MiKTeX 2.9\tex\generic\oberdiek\ltxcmds.sty"
Package: ltxcmds 2011/11/09 v1.22 LaTeX kernel commands for general use (HO)
)
\Gread@gobject=\count87
))
\Gin@req@height=\dimen103
\Gin@req@width=\dimen104
)
("C:\Program Files (x86)\MiKTeX 2.9\tex\latex\hyperref\hyperref.sty"
Package: hyperref 2012/05/13 v6.82q Hypertext links for LaTeX

("C:\Program Files (x86)\MiKTeX 2.9\tex\generic\oberdiek\hobsub-hyperref.sty"
Package: hobsub-hyperref 2012/04/25 v1.12 Bundle oberdiek, subset hyperref (HO)


("C:\Program Files (x86)\MiKTeX 2.9\tex\generic\oberdiek\hobsub-generic.sty"
Package: hobsub-generic 2012/04/25 v1.12 Bundle oberdiek, subset generic (HO)
Package: hobsub 2012/04/25 v1.12 Construct package bundles (HO)
Package hobsub Info: Skipping package `infwarerr' (already loaded).
Package hobsub Info: Skipping package `ltxcmds' (already loaded).
Package: ifluatex 2010/03/01 v1.3 Provides the ifluatex switch (HO)
Package ifluatex Info: LuaTeX not detected.
Package: ifvtex 2010/03/01 v1.5 Detect VTeX and its facilities (HO)
Package ifvtex Info: VTeX not detected.
Package: intcalc 2007/09/27 v1.1 Expandable calculations with integers (HO)
Package: ifpdf 2011/01/30 v2.3 Provides the ifpdf switch (HO)
Package ifpdf Info: pdfTeX in PDF mode is detected.
Package: etexcmds 2011/02/16 v1.5 Avoid name clashes with e-TeX commands (HO)
Package etexcmds Info: Could not find \expanded.
(etexcmds)             That can mean that you are not using pdfTeX 1.50 or
(etexcmds)             that some package has redefined \expanded.
(etexcmds)             In the latter case, load this package earlier.
Package: kvsetkeys 2012/04/25 v1.16 Key value parser (HO)
Package: kvdefinekeys 2011/04/07 v1.3 Define keys (HO)
Package: pdftexcmds 2011/11/29 v0.20 Utility functions of pdfTeX for LuaTeX (HO
)
Package pdftexcmds Info: LuaTeX not detected.
Package pdftexcmds Info: \pdf@primitive is available.
Package pdftexcmds Info: \pdf@ifprimitive is available.
Package pdftexcmds Info: \pdfdraftmode found.
Package: pdfescape 2011/11/25 v1.13 Implements pdfTeX's escape features (HO)
Package: bigintcalc 2012/04/08 v1.3 Expandable calculations on big integers (HO
)
Package: bitset 2011/01/30 v1.1 Handle bit-vector datatype (HO)
Package: uniquecounter 2011/01/30 v1.2 Provide unlimited unique counter (HO)
)
Package hobsub Info: Skipping package `hobsub' (already loaded).
Package: letltxmacro 2010/09/02 v1.4 Let assignment for LaTeX macros (HO)
Package: hopatch 2011/06/24 v1.1 Wrapper for package hooks (HO)
Package: xcolor-patch 2011/01/30 xcolor patch
Package: atveryend 2011/06/30 v1.8 Hooks at the very end of document (HO)
Package atveryend Info: \enddocument detected (standard20110627).
Package: atbegshi 2011/10/05 v1.16 At begin shipout hook (HO)
Package: refcount 2011/10/16 v3.4 Data extraction from label references (HO)
Package: hycolor 2011/01/30 v1.7 Color options for hyperref/bookmark (HO)
)
("C:\Program Files (x86)\MiKTeX 2.9\tex\generic\ifxetex\ifxetex.sty"
Package: ifxetex 2010/09/12 v0.6 Provides ifxetex conditional
)
("C:\Program Files (x86)\MiKTeX 2.9\tex\latex\oberdiek\kvoptions.sty"
Package: kvoptions 2011/06/30 v3.11 Key value format for package options (HO)
)
\@linkdim=\dimen105
\Hy@linkcounter=\count88
\Hy@pagecounter=\count89

("C:\Program Files (x86)\MiKTeX 2.9\tex\latex\hyperref\pd1enc.def"
File: pd1enc.def 2012/05/13 v6.82q Hyperref: PDFDocEncoding definition (HO)
)
\Hy@SavedSpaceFactor=\count90

("C:\Program Files (x86)\MiKTeX 2.9\tex\latex\00miktex\hyperref.cfg"
File: hyperref.cfg 2002/06/06 v1.2 hyperref configuration of TeXLive
)
Package hyperref Info: Hyper figures OFF on input line 4062.
Package hyperref Info: Link nesting OFF on input line 4067.
Package hyperref Info: Hyper index ON on input line 4070.
Package hyperref Info: Plain pages OFF on input line 4077.
Package hyperref Info: Backreferencing OFF on input line 4082.
Package hyperref Info: Implicit mode ON; LaTeX internals redefined.
Package hyperref Info: Bookmarks ON on input line 4300.
\c@Hy@tempcnt=\count91

("C:\Program Files (x86)\MiKTeX 2.9\tex\latex\ltxmisc\url.sty"
\Urlmuskip=\muskip10
Package: url 2006/04/12  ver 3.3  Verb mode for urls, etc.
)
LaTeX Info: Redefining \url on input line 4653.
\Fld@menulength=\count92
\Field@Width=\dimen106
\Fld@charsize=\dimen107
Package hyperref Info: Hyper figures OFF on input line 5773.
Package hyperref Info: Link nesting OFF on input line 5778.
Package hyperref Info: Hyper index ON on input line 5781.
Package hyperref Info: backreferencing OFF on input line 5788.
Package hyperref Info: Link coloring OFF on input line 5793.
Package hyperref Info: Link coloring with OCG OFF on input line 5798.
Package hyperref Info: PDF/A mode OFF on input line 5803.
LaTeX Info: Redefining \ref on input line 5843.
LaTeX Info: Redefining \pageref on input line 5847.
\Hy@abspage=\count93
\c@Item=\count94
\c@Hfootnote=\count95
)

Package hyperref Message: Driver: hpdftex.

("C:\Program Files (x86)\MiKTeX 2.9\tex\latex\hyperref\hpdftex.def"
File: hpdftex.def 2012/05/13 v6.82q Hyperref driver for pdfTeX
\Fld@listcount=\count96
\c@bookmark@seq@number=\count97

("C:\Program Files (x86)\MiKTeX 2.9\tex\latex\oberdiek\rerunfilecheck.sty"
Package: rerunfilecheck 2011/04/15 v1.7 Rerun checks for auxiliary files (HO)
Package uniquecounter Info: New unique counter `rerunfilecheck' on input line 2
82.
)
\Hy@SectionHShift=\skip43
)
(D:\Documents\Research\Matlab\SAMM3.0\Documentation\SAMM.aux)
LaTeX Font Info:    Checking defaults for OML/cmm/m/it on input line 6.
LaTeX Font Info:    ... okay on input line 6.
LaTeX Font Info:    Checking defaults for T1/cmr/m/n on input line 6.
LaTeX Font Info:    ... okay on input line 6.
LaTeX Font Info:    Checking defaults for OT1/cmr/m/n on input line 6.
LaTeX Font Info:    ... okay on input line 6.
LaTeX Font Info:    Checking defaults for OMS/cmsy/m/n on input line 6.
LaTeX Font Info:    ... okay on input line 6.
LaTeX Font Info:    Checking defaults for OMX/cmex/m/n on input line 6.
LaTeX Font Info:    ... okay on input line 6.
LaTeX Font Info:    Checking defaults for U/cmr/m/n on input line 6.
LaTeX Font Info:    ... okay on input line 6.
LaTeX Font Info:    Checking defaults for PD1/pdf/m/n on input line 6.
LaTeX Font Info:    ... okay on input line 6.

("C:\Program Files (x86)\MiKTeX 2.9\tex\context\base\supp-pdf.mkii"
[Loading MPS to PDF converter (version 2006.09.02).]
\scratchcounter=\count98
\scratchdimen=\dimen108
\scratchbox=\box26
\nofMPsegments=\count99
\nofMParguments=\count100
\everyMPshowfont=\toks15
\MPscratchCnt=\count101
\MPscratchDim=\dimen109
\MPnumerator=\count102
\makeMPintoPDFobject=\count103
\everyMPtoPDFconversion=\toks16
)
\AtBeginShipoutBox=\box27
Package hyperref Info: Link coloring OFF on input line 6.
 ("C:\Program Files (x86)\MiKTeX 2.9\tex\latex\hyperref\nameref.sty"
Package: nameref 2010/04/30 v2.40 Cross-referencing by name of section

("C:\Program Files (x86)\MiKTeX 2.9\tex\generic\oberdiek\gettitlestring.sty"
Package: gettitlestring 2010/12/03 v1.4 Cleanup title references (HO)
)
\c@section@level=\count104
)
LaTeX Info: Redefining \ref on input line 6.
LaTeX Info: Redefining \pageref on input line 6.
LaTeX Info: Redefining \nameref on input line 6.

(D:\Documents\Research\Matlab\SAMM3.0\Documentation\SAMM.out)
(D:\Documents\Research\Matlab\SAMM3.0\Documentation\SAMM.out)
\@outlinefile=\write3
LaTeX Font Info:    External font `cmex10' loaded for size
(Font)              <12> on input line 13.
LaTeX Font Info:    External font `cmex10' loaded for size
(Font)              <8> on input line 13.
LaTeX Font Info:    External font `cmex10' loaded for size
(Font)              <6> on input line 13.
 [1

{C:/Users/aw29/AppData/Local/MiKTeX/2.9/pdftex/config/pdftex.map}]
(D:\Documents\Research\Matlab\SAMM3.0\Documentation\SAMM.toc
LaTeX Font Info:    External font `cmex10' loaded for size
(Font)              <10.95> on input line 2.
 [2])
\tf@toc=\write4
 [3]
LaTeX Font Info:    External font `cmex10' loaded for size
(Font)              <7> on input line 62.
LaTeX Font Info:    External font `cmex10' loaded for size
(Font)              <5> on input line 62.

Overfull \hbox (30.14021pt too wide) in paragraph at lines 62--63
[]\OT1/cmtt/m/n/10 http://pcwww.liv.ac.uk/$\OMS/cmsy/m/n/10 $\OT1/cmtt/m/n/10 
awolski/main[]links[]computercodes.htm 
 []

[4] [5]
LaTeX Font Info:    Try loading font information for OMS+cmtt on input line 115
.
LaTeX Font Info:    No file OMScmtt.fd. on input line 115.


LaTeX Font Warning: Font shape `OMS/cmtt/m/n' undefined
(Font)              using `OMS/cmsy/m/n' instead
(Font)              for symbol `textbraceleft' on input line 115.

[6] [7] [8] [9]
Overfull \hbox (45.42007pt too wide) in paragraph at lines 347--352
\OT1/cmtt/m/n/10.95 >> [cptlist, svals, evals] = ParseMAD('madfile.mad8', 'ring
',
 []

[10]
Overfull \hbox (10.92795pt too wide) in paragraph at lines 418--419
\OT1/cmtt/m/n/10.95 >> ans*PhysicalConstants.SpeedOfLight/PhysicalUnits.GeV 
 []

[11]
Overfull \hbox (9.928pt too wide) in paragraph at lines 420--423
\OT1/cmr/m/n/10.95 In this ex-am-ple, be-cause a par-ti-cle with the ref-er-enc
e en-ergy is ultra-relativistic
 []


Overfull \hbox (74.16351pt too wide) in paragraph at lines 457--458
\OT1/cmtt/m/n/10.95 >> beam1.momentum*PhysicalConstants.SpeedOfLight/PhysicalUn
its.GeV 
 []

[12] <ReferenceTrajectory.png, id=385, 543.53062pt x 345.54094pt>
File: ReferenceTrajectory.png Graphic file (type png)

<use ReferenceTrajectory.png>
Package pdftex.def Info: ReferenceTrajectory.png used on input line 500.
(pdftex.def)             Requested size: 288.0011pt x 183.0989pt.
 [13] [14 <D:/Documents/Research/Matlab/SAMM3.0/Documentation/ReferenceTrajecto
ry.png>]
Overfull \hbox (51.16876pt too wide) in paragraph at lines 573--574
\OT1/cmtt/m/n/10.95 >> GeVdivc = PhysicalUnits.GeV/PhysicalConstants.SpeedOfLig
ht; 
 []

[15]
Overfull \hbox (58.28583pt too wide) in paragraph at lines 633--633
 []        \OT1/cmtt/m/n/10.95 aperture = []; % half-axes of elliptical apertur
e, in metres[] 
 []


Overfull \hbox (18.04501pt too wide) in paragraph at lines 633--633
 []            \OT1/cmtt/m/n/10.95 % Apply transfer map for an accelerator comp
onent[] 
 []


Overfull \hbox (46.78845pt too wide) in paragraph at lines 633--633
 []              \OT1/cmtt/m/n/10.95 beam.globaltime + ds/PhysicalConstants.Spe
edOfLight;[] 
 []


Underfull \vbox (badness 3514) has occurred while \output is active []

 [16]
[17] [18] <DipoleGeometry.png, id=420, 809.27344pt x 456.20438pt>
File: DipoleGeometry.png Graphic file (type png)

<use DipoleGeometry.png>
Package pdftex.def Info: DipoleGeometry.png used on input line 833.
(pdftex.def)             Requested size: 288.0011pt x 162.35394pt.

Underfull \vbox (badness 3333) has occurred while \output is active []

 [19]
[20 <D:/Documents/Research/Matlab/SAMM3.0/Documentation/DipoleGeometry.png>]
[21] [22] [23]
Overfull \hbox (1.10052pt too wide) in paragraph at lines 1067--1076
\OT1/cmr/m/n/10.95 where $\OML/cmm/m/it/10.95 V[]$ \OT1/cmr/m/n/10.95 is the \O
T1/cmtt/m/n/10.95 voltage \OT1/cmr/m/n/10.95 of the struc-ture; $\OML/cmm/m/it/
10.95 L$ \OT1/cmr/m/n/10.95 is the \OT1/cmtt/m/n/10.95 length\OT1/cmr/m/n/10.95
 ; $\OML/cmm/m/it/10.95 f$ \OT1/cmr/m/n/10.95 is the \OT1/cmtt/m/n/10.95 freque
ncy\OT1/cmr/m/n/10.95 ;
 []


Overfull \hbox (70.04543pt too wide) in paragraph at lines 1083--1099
[]
 []

[24]
Overfull \hbox (38.0313pt too wide) in paragraph at lines 1122--1124
\OT1/cmr/m/n/10.95 without any pre-ced-ing def-i-ni-tions, will set the value o
f \OT1/cmtt/m/n/10.95 MasterOscillatorFrequency
 []


Overfull \hbox (9.16286pt too wide) in paragraph at lines 1125--1127
[]\OT1/cmr/m/n/10.95 To see the value of \OT1/cmtt/m/n/10.95 MasterOscillatorFr
equency \OT1/cmr/m/n/10.95 in the Mat-lab workspace,
 []


Overfull \hbox (47.14203pt too wide) in paragraph at lines 1147--1158
[]
 []


Overfull \hbox (7.6456pt too wide) in paragraph at lines 1161--1168
[]
 []

[25] [26] [27]
Overfull \hbox (1.00803pt too wide) in paragraph at lines 1272--1282
\OT1/cmr/m/n/10.95 nam-i-cal vari-ables at a lo-ca-tion $\OML/cmm/m/it/10.95 s[
]$ \OT1/cmr/m/n/10.95 on the ref-er-ence tra-jec-tory; $\OT1/cmr/bx/n/10.95 M\O
T1/cmr/m/n/10.95 (\OML/cmm/m/it/10.95 s[]; s[]\OT1/cmr/m/n/10.95 ; [](\OML/cmm/
m/it/10.95 s[]\OT1/cmr/m/n/10.95 ))$
 []


Overfull \hbox (37.75365pt too wide) in paragraph at lines 1283--1285
[]\OT1/cmr/m/n/10.95 Transfer ma-tri-ces can be com-puted in SAMM us-ing the \O
T1/cmtt/m/n/10.95 ComputeTransferMatrix
 []


Overfull \hbox (10.92795pt too wide) in paragraph at lines 1286--1287
[]\OT1/cmtt/m/n/10.95 >> m = ComputeTransferMatrix(bl,[n1 n2],rigidity,[0 0 0
 []

[28]
LaTeX Font Info:    External font `cmex10' loaded for size
(Font)              <9> on input line 1337.
 [29]
Overfull \hbox (28.17401pt too wide) in paragraph at lines 1378--1379
[]\OT1/cmtt/m/n/10.95 >> [beta tune closedorbit] = ComputeMatchedTwiss(bl,beam)
; 
 []

[30] [31]
Overfull \hbox (22.42532pt too wide) in paragraph at lines 1472--1473
[]\OT1/cmtt/m/n/10.95 >> [I1 I2 I3 I4 I5] = ComputeRadiationIntegrals(bl,beam);
 
 []

[32]
LaTeX Font Info:    Font shape `OT1/cmtt/bx/n' in size <10.95> not available
(Font)              Font shape `OT1/cmtt/m/n' tried instead on input line 1520.

 [33]
Overfull \hbox (29.97311pt too wide) in paragraph at lines 1603--1606
\OT1/cmtt/m/n/10.95 http://pcwww.liv.ac.uk/$\OMS/cmtt/m/n/10.95 $\OT1/cmtt/m/n
/10.95 awolski/main[]teaching[]lineardynamics.htm 
 []


Overfull \hbox (47.21918pt too wide) in paragraph at lines 1608--1611
\OT1/cmtt/m/n/10.95 http://pcwww.liv.ac.uk/$\OMS/cmtt/m/n/10.95 $\OT1/cmtt/m/n
/10.95 awolski/main[]teaching[]nonlineardynamics.htm 
 []

[34]
Package atveryend Info: Empty hook `BeforeClearDocument' on input line 1618.
 [35]
Package atveryend Info: Empty hook `AfterLastShipout' on input line 1618.
 (D:\Documents\Research\Matlab\SAMM3.0\Documentation\SAMM.aux)
Package atveryend Info: Executing hook `AtVeryEndDocument' on input line 1618.
Package atveryend Info: Executing hook `AtEndAfterFileList' on input line 1618.

Package rerunfilecheck Info: File `SAMM.out' has not changed.
(rerunfilecheck)             Checksum: 6D2EC5F5927777B82D632844D411BF37;4135.


LaTeX Font Warning: Some font shapes were not available, defaults substituted.

Package atveryend Info: Empty hook `AtVeryVeryEnd' on input line 1618.
 ) 
Here is how much of TeX's memory you used:
 5101 strings out of 494045
 75916 string characters out of 3145972
 161975 words of memory out of 3000000
 8249 multiletter control sequences out of 15000+200000
 11951 words of font info for 42 fonts, out of 3000000 for 9000
 715 hyphenation exceptions out of 8191
 29i,11n,28p,345b,427s stack positions out of 5000i,500n,10000p,200000b,50000s
<C:/Program Files (x86)/MiKTeX 2.9/fonts/type1/public/amsfonts/cm/cmbx10.pfb>
<C:/Program Files (x86)/MiKTeX 2.9/fonts/type1/public/amsfonts/cm/cmbx12.pfb><C
:/Program Files (x86)/MiKTeX 2.9/fonts/type1/public/amsfonts/cm/cmex10.pfb><C:/
Program Files (x86)/MiKTeX 2.9/fonts/type1/public/amsfonts/cm/cmmi10.pfb><C:/Pr
ogram Files (x86)/MiKTeX 2.9/fonts/type1/public/amsfonts/cm/cmmi8.pfb><C:/Progr
am Files (x86)/MiKTeX 2.9/fonts/type1/public/amsfonts/cm/cmr10.pfb><C:/Program 
Files (x86)/MiKTeX 2.9/fonts/type1/public/amsfonts/cm/cmr12.pfb><C:/Program Fil
es (x86)/MiKTeX 2.9/fonts/type1/public/amsfonts/cm/cmr17.pfb><C:/Program Files 
(x86)/MiKTeX 2.9/fonts/type1/public/amsfonts/cm/cmr6.pfb><C:/Program Files (x86
)/MiKTeX 2.9/fonts/type1/public/amsfonts/cm/cmr8.pfb><C:/Program Files (x86)/Mi
KTeX 2.9/fonts/type1/public/amsfonts/cm/cmr9.pfb><C:/Program Files (x86)/MiKTeX
 2.9/fonts/type1/public/amsfonts/cm/cmsy10.pfb><C:/Program Files (x86)/MiKTeX 2
.9/fonts/type1/public/amsfonts/cm/cmsy8.pfb><C:/Program Files (x86)/MiKTeX 2.9/
fonts/type1/public/amsfonts/cm/cmti10.pfb><C:/Program Files (x86)/MiKTeX 2.9/fo
nts/type1/public/amsfonts/cm/cmtt10.pfb>
Output written on SAMM.pdf (35 pages, 390250 bytes).
PDF statistics:
 603 PDF objects out of 1000 (max. 8388607)
 127 named destinations out of 1000 (max. 500000)
 483 words of extra memory for PDF output out of 10000 (max. 10000000)

