Build started 13/09/2016 11:24:27.
     1>Project "D:\Documents\Research\Programming\SAMMParticleTracking3\CUDAParticleTracking\CUDAParticleTracking.vcxproj" on node 2 (clean target(s)).
     1>_PrepareForClean:
         Deleting file "Release\CUDAParticleTracking.lastbuildstate".
       CudaClean:
         cmd.exe /C "C:\Users\aw29\AppData\Local\Temp\tmp3617cc422afa448187201aa9d7fd1343.cmd"
         "C:\Program Files\NVIDIA GPU Computing Toolkit\CUDA\v5.0\bin\nvcc.exe" -ccbin "C:\Program Files (x86)\Microsoft Visual Studio 10.0\VC\bin"  -I"C:\Program Files\NVIDIA GPU Computing Toolkit\CUDA\v5.0\include" -I"C:\Program Files\NVIDIA GPU Computing Toolkit\CUDA\v5.0\include"     --keep-dir "Release" -maxrregcount=0  --machine 32 --compile     -DWIN32 -DNDEBUG -D_WINDOWS -D_USRDLL -DCUDAPARTICLETRACKING_EXPORTS -D_WINDLL -D_UNICODE -DUNICODE -Xcompiler "/EHsc /W3 /nologo /O2 /Zi  /MD  " -o "Release\BPM.cu.obj" "D:\Documents\Research\Programming\SAMMParticleTracking3\CUDAParticleTracking\BPM.cu" -clean
         
         D:\Documents\Research\Programming\SAMMParticleTracking3\CUDAParticleTracking>"C:\Program Files\NVIDIA GPU Computing Toolkit\CUDA\v5.0\bin\nvcc.exe" -ccbin "C:\Program Files (x86)\Microsoft Visual Studio 10.0\VC\bin"  -I"C:\Program Files\NVIDIA GPU Computing Toolkit\CUDA\v5.0\include" -I"C:\Program Files\NVIDIA GPU Computing Toolkit\CUDA\v5.0\include"     --keep-dir "Release" -maxrregcount=0  --machine 32 --compile     -DWIN32 -DNDEBUG -D_WINDOWS -D_USRDLL -DCUDAPARTICLETRACKING_EXPORTS -D_WINDLL -D_UNICODE -DUNICODE -Xcompiler "/EHsc /W3 /nologo /O2 /Zi  /MD  " -o "Release\BPM.cu.obj" "D:\Documents\Research\Programming\SAMMParticleTracking3\CUDAParticleTracking\BPM.cu" -clean 
         Deleting file "Release\BPM.cu.deps".
       CudaClean:
         cmd.exe /C "C:\Users\aw29\AppData\Local\Temp\tmp9629f1f194f1464bb766dab92a121d0c.cmd"
         "C:\Program Files\NVIDIA GPU Computing Toolkit\CUDA\v5.0\bin\nvcc.exe" -ccbin "C:\Program Files (x86)\Microsoft Visual Studio 10.0\VC\bin"  -I"C:\Program Files\NVIDIA GPU Computing Toolkit\CUDA\v5.0\include" -I"C:\Program Files\NVIDIA GPU Computing Toolkit\CUDA\v5.0\include"     --keep-dir "Release" -maxrregcount=0  --machine 32 --compile     -DWIN32 -DNDEBUG -D_WINDOWS -D_USRDLL -DCUDAPARTICLETRACKING_EXPORTS -D_WINDLL -D_UNICODE -DUNICODE -Xcompiler "/EHsc /W3 /nologo /O2 /Zi  /MD  " -o "Release\Dipole.cu.obj" "D:\Documents\Research\Programming\SAMMParticleTracking3\CUDAParticleTracking\Dipole.cu" -clean
         
         D:\Documents\Research\Programming\SAMMParticleTracking3\CUDAParticleTracking>"C:\Program Files\NVIDIA GPU Computing Toolkit\CUDA\v5.0\bin\nvcc.exe" -ccbin "C:\Program Files (x86)\Microsoft Visual Studio 10.0\VC\bin"  -I"C:\Program Files\NVIDIA GPU Computing Toolkit\CUDA\v5.0\include" -I"C:\Program Files\NVIDIA GPU Computing Toolkit\CUDA\v5.0\include"     --keep-dir "Release" -maxrregcount=0  --machine 32 --compile     -DWIN32 -DNDEBUG -D_WINDOWS -D_USRDLL -DCUDAPARTICLETRACKING_EXPORTS -D_WINDLL -D_UNICODE -DUNICODE -Xcompiler "/EHsc /W3 /nologo /O2 /Zi  /MD  " -o "Release\Dipole.cu.obj" "D:\Documents\Research\Programming\SAMMParticleTracking3\CUDAParticleTracking\Dipole.cu" -clean 
         Deleting file "Release\Dipole.cu.deps".
       CudaClean:
         cmd.exe /C "C:\Users\aw29\AppData\Local\Temp\tmp93317eca68034aae9fb727d31abc8256.cmd"
         "C:\Program Files\NVIDIA GPU Computing Toolkit\CUDA\v5.0\bin\nvcc.exe" -ccbin "C:\Program Files (x86)\Microsoft Visual Studio 10.0\VC\bin"  -I"C:\Program Files\NVIDIA GPU Computing Toolkit\CUDA\v5.0\include" -I"C:\Program Files\NVIDIA GPU Computing Toolkit\CUDA\v5.0\include"     --keep-dir "Release" -maxrregcount=0  --machine 32 --compile     -DWIN32 -DNDEBUG -D_WINDOWS -D_USRDLL -DCUDAPARTICLETRACKING_EXPORTS -D_WINDLL -D_UNICODE -DUNICODE -Xcompiler "/EHsc /W3 /nologo /O2 /Zi  /MD  " -o "Release\Drift.cu.obj" "D:\Documents\Research\Programming\SAMMParticleTracking3\CUDAParticleTracking\Drift.cu" -clean
         
         D:\Documents\Research\Programming\SAMMParticleTracking3\CUDAParticleTracking>"C:\Program Files\NVIDIA GPU Computing Toolkit\CUDA\v5.0\bin\nvcc.exe" -ccbin "C:\Program Files (x86)\Microsoft Visual Studio 10.0\VC\bin"  -I"C:\Program Files\NVIDIA GPU Computing Toolkit\CUDA\v5.0\include" -I"C:\Program Files\NVIDIA GPU Computing Toolkit\CUDA\v5.0\include"     --keep-dir "Release" -maxrregcount=0  --machine 32 --compile     -DWIN32 -DNDEBUG -D_WINDOWS -D_USRDLL -DCUDAPARTICLETRACKING_EXPORTS -D_WINDLL -D_UNICODE -DUNICODE -Xcompiler "/EHsc /W3 /nologo /O2 /Zi  /MD  " -o "Release\Drift.cu.obj" "D:\Documents\Research\Programming\SAMMParticleTracking3\CUDAParticleTracking\Drift.cu" -clean 
         Deleting file "Release\Drift.cu.deps".
       CudaClean:
         cmd.exe /C "C:\Users\aw29\AppData\Local\Temp\tmpd7cae5d6ca0d472b96a7ad4106f3961c.cmd"
         "C:\Program Files\NVIDIA GPU Computing Toolkit\CUDA\v5.0\bin\nvcc.exe" -ccbin "C:\Program Files (x86)\Microsoft Visual Studio 10.0\VC\bin"  -I"C:\Program Files\NVIDIA GPU Computing Toolkit\CUDA\v5.0\include" -I"C:\Program Files\NVIDIA GPU Computing Toolkit\CUDA\v5.0\include"     --keep-dir "Release" -maxrregcount=0  --machine 32 --compile     -DWIN32 -DNDEBUG -D_WINDOWS -D_USRDLL -DCUDAPARTICLETRACKING_EXPORTS -D_WINDLL -D_UNICODE -DUNICODE -Xcompiler "/EHsc /W3 /nologo /O2 /Zi  /MD  " -o "Release\FieldMap.cu.obj" "D:\Documents\Research\Programming\SAMMParticleTracking3\CUDAParticleTracking\FieldMap.cu" -clean
         
         D:\Documents\Research\Programming\SAMMParticleTracking3\CUDAParticleTracking>"C:\Program Files\NVIDIA GPU Computing Toolkit\CUDA\v5.0\bin\nvcc.exe" -ccbin "C:\Program Files (x86)\Microsoft Visual Studio 10.0\VC\bin"  -I"C:\Program Files\NVIDIA GPU Computing Toolkit\CUDA\v5.0\include" -I"C:\Program Files\NVIDIA GPU Computing Toolkit\CUDA\v5.0\include"     --keep-dir "Release" -maxrregcount=0  --machine 32 --compile     -DWIN32 -DNDEBUG -D_WINDOWS -D_USRDLL -DCUDAPARTICLETRACKING_EXPORTS -D_WINDLL -D_UNICODE -DUNICODE -Xcompiler "/EHsc /W3 /nologo /O2 /Zi  /MD  " -o "Release\FieldMap.cu.obj" "D:\Documents\Research\Programming\SAMMParticleTracking3\CUDAParticleTracking\FieldMap.cu" -clean 
         Deleting file "Release\FieldMap.cu.deps".
       CudaClean:
         cmd.exe /C "C:\Users\aw29\AppData\Local\Temp\tmp6d1e9c3e96e64fd49279ce6a22dbfeb3.cmd"
         "C:\Program Files\NVIDIA GPU Computing Toolkit\CUDA\v5.0\bin\nvcc.exe" -ccbin "C:\Program Files (x86)\Microsoft Visual Studio 10.0\VC\bin"  -I"C:\Program Files\NVIDIA GPU Computing Toolkit\CUDA\v5.0\include" -I"C:\Program Files\NVIDIA GPU Computing Toolkit\CUDA\v5.0\include"     --keep-dir "Release" -maxrregcount=0  --machine 32 --compile     -DWIN32 -DNDEBUG -D_WINDOWS -D_USRDLL -DCUDAPARTICLETRACKING_EXPORTS -D_WINDLL -D_UNICODE -DUNICODE -Xcompiler "/EHsc /W3 /nologo /O2 /Zi  /MD  " -o "Release\Marker.cu.obj" "D:\Documents\Research\Programming\SAMMParticleTracking3\CUDAParticleTracking\Marker.cu" -clean
         
         D:\Documents\Research\Programming\SAMMParticleTracking3\CUDAParticleTracking>"C:\Program Files\NVIDIA GPU Computing Toolkit\CUDA\v5.0\bin\nvcc.exe" -ccbin "C:\Program Files (x86)\Microsoft Visual Studio 10.0\VC\bin"  -I"C:\Program Files\NVIDIA GPU Computing Toolkit\CUDA\v5.0\include" -I"C:\Program Files\NVIDIA GPU Computing Toolkit\CUDA\v5.0\include"     --keep-dir "Release" -maxrregcount=0  --machine 32 --compile     -DWIN32 -DNDEBUG -D_WINDOWS -D_USRDLL -DCUDAPARTICLETRACKING_EXPORTS -D_WINDLL -D_UNICODE -DUNICODE -Xcompiler "/EHsc /W3 /nologo /O2 /Zi  /MD  " -o "Release\Marker.cu.obj" "D:\Documents\Research\Programming\SAMMParticleTracking3\CUDAParticleTracking\Marker.cu" -clean 
         Deleting file "Release\Marker.cu.deps".
       CudaClean:
         cmd.exe /C "C:\Users\aw29\AppData\Local\Temp\tmpc28025769696435c921f925deef8db6b.cmd"
         "C:\Program Files\NVIDIA GPU Computing Toolkit\CUDA\v5.0\bin\nvcc.exe" -ccbin "C:\Program Files (x86)\Microsoft Visual Studio 10.0\VC\bin"  -I"C:\Program Files\NVIDIA GPU Computing Toolkit\CUDA\v5.0\include" -I"C:\Program Files\NVIDIA GPU Computing Toolkit\CUDA\v5.0\include"     --keep-dir "Release" -maxrregcount=0  --machine 32 --compile     -DWIN32 -DNDEBUG -D_WINDOWS -D_USRDLL -DCUDAPARTICLETRACKING_EXPORTS -D_WINDLL -D_UNICODE -DUNICODE -Xcompiler "/EHsc /W3 /nologo /O2 /Zi  /MD  " -o "Release\Multipole.cu.obj" "D:\Documents\Research\Programming\SAMMParticleTracking3\CUDAParticleTracking\Multipole.cu" -clean
         
         D:\Documents\Research\Programming\SAMMParticleTracking3\CUDAParticleTracking>"C:\Program Files\NVIDIA GPU Computing Toolkit\CUDA\v5.0\bin\nvcc.exe" -ccbin "C:\Program Files (x86)\Microsoft Visual Studio 10.0\VC\bin"  -I"C:\Program Files\NVIDIA GPU Computing Toolkit\CUDA\v5.0\include" -I"C:\Program Files\NVIDIA GPU Computing Toolkit\CUDA\v5.0\include"     --keep-dir "Release" -maxrregcount=0  --machine 32 --compile     -DWIN32 -DNDEBUG -D_WINDOWS -D_USRDLL -DCUDAPARTICLETRACKING_EXPORTS -D_WINDLL -D_UNICODE -DUNICODE -Xcompiler "/EHsc /W3 /nologo /O2 /Zi  /MD  " -o "Release\Multipole.cu.obj" "D:\Documents\Research\Programming\SAMMParticleTracking3\CUDAParticleTracking\Multipole.cu" -clean 
         Deleting file "Release\Multipole.cu.deps".
       CudaClean:
         cmd.exe /C "C:\Users\aw29\AppData\Local\Temp\tmpe86495e7262345fd8afc16c30ca8e0cb.cmd"
         "C:\Program Files\NVIDIA GPU Computing Toolkit\CUDA\v5.0\bin\nvcc.exe" -ccbin "C:\Program Files (x86)\Microsoft Visual Studio 10.0\VC\bin"  -I"C:\Program Files\NVIDIA GPU Computing Toolkit\CUDA\v5.0\include" -I"C:\Program Files\NVIDIA GPU Computing Toolkit\CUDA\v5.0\include"     --keep-dir "Release" -maxrregcount=0  --machine 32 --compile     -DWIN32 -DNDEBUG -D_WINDOWS -D_USRDLL -DCUDAPARTICLETRACKING_EXPORTS -D_WINDLL -D_UNICODE -DUNICODE -Xcompiler "/EHsc /W3 /nologo /O2 /Zi  /MD  " -o "Release\OrbitCorrector.cu.obj" "D:\Documents\Research\Programming\SAMMParticleTracking3\CUDAParticleTracking\OrbitCorrector.cu" -clean
         
         D:\Documents\Research\Programming\SAMMParticleTracking3\CUDAParticleTracking>"C:\Program Files\NVIDIA GPU Computing Toolkit\CUDA\v5.0\bin\nvcc.exe" -ccbin "C:\Program Files (x86)\Microsoft Visual Studio 10.0\VC\bin"  -I"C:\Program Files\NVIDIA GPU Computing Toolkit\CUDA\v5.0\include" -I"C:\Program Files\NVIDIA GPU Computing Toolkit\CUDA\v5.0\include"     --keep-dir "Release" -maxrregcount=0  --machine 32 --compile     -DWIN32 -DNDEBUG -D_WINDOWS -D_USRDLL -DCUDAPARTICLETRACKING_EXPORTS -D_WINDLL -D_UNICODE -DUNICODE -Xcompiler "/EHsc /W3 /nologo /O2 /Zi  /MD  " -o "Release\OrbitCorrector.cu.obj" "D:\Documents\Research\Programming\SAMMParticleTracking3\CUDAParticleTracking\OrbitCorrector.cu" -clean 
         Deleting file "Release\OrbitCorrector.cu.deps".
       CudaClean:
         cmd.exe /C "C:\Users\aw29\AppData\Local\Temp\tmpe5b786eddbb54bdb80174be5444cfeaf.cmd"
         "C:\Program Files\NVIDIA GPU Computing Toolkit\CUDA\v5.0\bin\nvcc.exe" -ccbin "C:\Program Files (x86)\Microsoft Visual Studio 10.0\VC\bin"  -I"C:\Program Files\NVIDIA GPU Computing Toolkit\CUDA\v5.0\include" -I"C:\Program Files\NVIDIA GPU Computing Toolkit\CUDA\v5.0\include"     --keep-dir "Release" -maxrregcount=0  --machine 32 --compile     -DWIN32 -DNDEBUG -D_WINDOWS -D_USRDLL -DCUDAPARTICLETRACKING_EXPORTS -D_WINDLL -D_UNICODE -DUNICODE -Xcompiler "/EHsc /W3 /nologo /O2 /Zi  /MD  " -o "Release\Quadrupole.cu.obj" "D:\Documents\Research\Programming\SAMMParticleTracking3\CUDAParticleTracking\Quadrupole.cu" -clean
         
         D:\Documents\Research\Programming\SAMMParticleTracking3\CUDAParticleTracking>"C:\Program Files\NVIDIA GPU Computing Toolkit\CUDA\v5.0\bin\nvcc.exe" -ccbin "C:\Program Files (x86)\Microsoft Visual Studio 10.0\VC\bin"  -I"C:\Program Files\NVIDIA GPU Computing Toolkit\CUDA\v5.0\include" -I"C:\Program Files\NVIDIA GPU Computing Toolkit\CUDA\v5.0\include"     --keep-dir "Release" -maxrregcount=0  --machine 32 --compile     -DWIN32 -DNDEBUG -D_WINDOWS -D_USRDLL -DCUDAPARTICLETRACKING_EXPORTS -D_WINDLL -D_UNICODE -DUNICODE -Xcompiler "/EHsc /W3 /nologo /O2 /Zi  /MD  " -o "Release\Quadrupole.cu.obj" "D:\Documents\Research\Programming\SAMMParticleTracking3\CUDAParticleTracking\Quadrupole.cu" -clean 
         Deleting file "Release\Quadrupole.cu.deps".
       CudaClean:
         cmd.exe /C "C:\Users\aw29\AppData\Local\Temp\tmp3dc48f39c9df405fbe436f7ef1563db8.cmd"
         "C:\Program Files\NVIDIA GPU Computing Toolkit\CUDA\v5.0\bin\nvcc.exe" -ccbin "C:\Program Files (x86)\Microsoft Visual Studio 10.0\VC\bin"  -I"C:\Program Files\NVIDIA GPU Computing Toolkit\CUDA\v5.0\include" -I"C:\Program Files\NVIDIA GPU Computing Toolkit\CUDA\v5.0\include"     --keep-dir "Release" -maxrregcount=0  --machine 32 --compile     -DWIN32 -DNDEBUG -D_WINDOWS -D_USRDLL -DCUDAPARTICLETRACKING_EXPORTS -D_WINDLL -D_UNICODE -DUNICODE -Xcompiler "/EHsc /W3 /nologo /O2 /Zi  /MD  " -o "Release\RFCavity.cu.obj" "D:\Documents\Research\Programming\SAMMParticleTracking3\CUDAParticleTracking\RFCavity.cu" -clean
         
         D:\Documents\Research\Programming\SAMMParticleTracking3\CUDAParticleTracking>"C:\Program Files\NVIDIA GPU Computing Toolkit\CUDA\v5.0\bin\nvcc.exe" -ccbin "C:\Program Files (x86)\Microsoft Visual Studio 10.0\VC\bin"  -I"C:\Program Files\NVIDIA GPU Computing Toolkit\CUDA\v5.0\include" -I"C:\Program Files\NVIDIA GPU Computing Toolkit\CUDA\v5.0\include"     --keep-dir "Release" -maxrregcount=0  --machine 32 --compile     -DWIN32 -DNDEBUG -D_WINDOWS -D_USRDLL -DCUDAPARTICLETRACKING_EXPORTS -D_WINDLL -D_UNICODE -DUNICODE -Xcompiler "/EHsc /W3 /nologo /O2 /Zi  /MD  " -o "Release\RFCavity.cu.obj" "D:\Documents\Research\Programming\SAMMParticleTracking3\CUDAParticleTracking\RFCavity.cu" -clean 
         Deleting file "Release\RFCavity.cu.deps".
       CudaClean:
         cmd.exe /C "C:\Users\aw29\AppData\Local\Temp\tmpac63526356ce43c1967d99d434797f36.cmd"
         "C:\Program Files\NVIDIA GPU Computing Toolkit\CUDA\v5.0\bin\nvcc.exe" -ccbin "C:\Program Files (x86)\Microsoft Visual Studio 10.0\VC\bin"  -I"C:\Program Files\NVIDIA GPU Computing Toolkit\CUDA\v5.0\include" -I"C:\Program Files\NVIDIA GPU Computing Toolkit\CUDA\v5.0\include"     --keep-dir "Release" -maxrregcount=0  --machine 32 --compile     -DWIN32 -DNDEBUG -D_WINDOWS -D_USRDLL -DCUDAPARTICLETRACKING_EXPORTS -D_WINDLL -D_UNICODE -DUNICODE -Xcompiler "/EHsc /W3 /nologo /O2 /Zi  /MD  " -o "Release\Sextupole.cu.obj" "D:\Documents\Research\Programming\SAMMParticleTracking3\CUDAParticleTracking\Sextupole.cu" -clean
         
         D:\Documents\Research\Programming\SAMMParticleTracking3\CUDAParticleTracking>"C:\Program Files\NVIDIA GPU Computing Toolkit\CUDA\v5.0\bin\nvcc.exe" -ccbin "C:\Program Files (x86)\Microsoft Visual Studio 10.0\VC\bin"  -I"C:\Program Files\NVIDIA GPU Computing Toolkit\CUDA\v5.0\include" -I"C:\Program Files\NVIDIA GPU Computing Toolkit\CUDA\v5.0\include"     --keep-dir "Release" -maxrregcount=0  --machine 32 --compile     -DWIN32 -DNDEBUG -D_WINDOWS -D_USRDLL -DCUDAPARTICLETRACKING_EXPORTS -D_WINDLL -D_UNICODE -DUNICODE -Xcompiler "/EHsc /W3 /nologo /O2 /Zi  /MD  " -o "Release\Sextupole.cu.obj" "D:\Documents\Research\Programming\SAMMParticleTracking3\CUDAParticleTracking\Sextupole.cu" -clean 
         Deleting file "Release\Sextupole.cu.deps".
       CudaClean:
         cmd.exe /C "C:\Users\aw29\AppData\Local\Temp\tmp01378e58690b41cfb859b0838206084a.cmd"
         "C:\Program Files\NVIDIA GPU Computing Toolkit\CUDA\v5.0\bin\nvcc.exe" -ccbin "C:\Program Files (x86)\Microsoft Visual Studio 10.0\VC\bin"  -I"C:\Program Files\NVIDIA GPU Computing Toolkit\CUDA\v5.0\include" -I"C:\Program Files\NVIDIA GPU Computing Toolkit\CUDA\v5.0\include"     --keep-dir "Release" -maxrregcount=0  --machine 32 --compile     -DWIN32 -DNDEBUG -D_WINDOWS -D_USRDLL -DCUDAPARTICLETRACKING_EXPORTS -D_WINDLL -D_UNICODE -DUNICODE -Xcompiler "/EHsc /W3 /nologo /O2 /Zi  /MD  " -o "Release\Solenoid.cu.obj" "D:\Documents\Research\Programming\SAMMParticleTracking3\CUDAParticleTracking\Solenoid.cu" -clean
         
         D:\Documents\Research\Programming\SAMMParticleTracking3\CUDAParticleTracking>"C:\Program Files\NVIDIA GPU Computing Toolkit\CUDA\v5.0\bin\nvcc.exe" -ccbin "C:\Program Files (x86)\Microsoft Visual Studio 10.0\VC\bin"  -I"C:\Program Files\NVIDIA GPU Computing Toolkit\CUDA\v5.0\include" -I"C:\Program Files\NVIDIA GPU Computing Toolkit\CUDA\v5.0\include"     --keep-dir "Release" -maxrregcount=0  --machine 32 --compile     -DWIN32 -DNDEBUG -D_WINDOWS -D_USRDLL -DCUDAPARTICLETRACKING_EXPORTS -D_WINDLL -D_UNICODE -DUNICODE -Xcompiler "/EHsc /W3 /nologo /O2 /Zi  /MD  " -o "Release\Solenoid.cu.obj" "D:\Documents\Research\Programming\SAMMParticleTracking3\CUDAParticleTracking\Solenoid.cu" -clean 
         Deleting file "Release\Solenoid.cu.deps".
       CudaClean:
         cmd.exe /C "C:\Users\aw29\AppData\Local\Temp\tmp5ca55328e7ca4a6b840c28bffec28a31.cmd"
         "C:\Program Files\NVIDIA GPU Computing Toolkit\CUDA\v5.0\bin\nvcc.exe" -ccbin "C:\Program Files (x86)\Microsoft Visual Studio 10.0\VC\bin"  -I"C:\Program Files\NVIDIA GPU Computing Toolkit\CUDA\v5.0\include" -I"C:\Program Files\NVIDIA GPU Computing Toolkit\CUDA\v5.0\include"     --keep-dir "Release" -maxrregcount=0  --machine 32 --compile     -DWIN32 -DNDEBUG -D_WINDOWS -D_USRDLL -DCUDAPARTICLETRACKING_EXPORTS -D_WINDLL -D_UNICODE -DUNICODE -Xcompiler "/EHsc /W3 /nologo /O2 /Zi  /MD  " -o "Release\TrackCUDA.cu.obj" "D:\Documents\Research\Programming\SAMMParticleTracking3\CUDAParticleTracking\TrackCUDA.cu" -clean
         
         D:\Documents\Research\Programming\SAMMParticleTracking3\CUDAParticleTracking>"C:\Program Files\NVIDIA GPU Computing Toolkit\CUDA\v5.0\bin\nvcc.exe" -ccbin "C:\Program Files (x86)\Microsoft Visual Studio 10.0\VC\bin"  -I"C:\Program Files\NVIDIA GPU Computing Toolkit\CUDA\v5.0\include" -I"C:\Program Files\NVIDIA GPU Computing Toolkit\CUDA\v5.0\include"     --keep-dir "Release" -maxrregcount=0  --machine 32 --compile     -DWIN32 -DNDEBUG -D_WINDOWS -D_USRDLL -DCUDAPARTICLETRACKING_EXPORTS -D_WINDLL -D_UNICODE -DUNICODE -Xcompiler "/EHsc /W3 /nologo /O2 /Zi  /MD  " -o "Release\TrackCUDA.cu.obj" "D:\Documents\Research\Programming\SAMMParticleTracking3\CUDAParticleTracking\TrackCUDA.cu" -clean 
         Deleting file "Release\TrackCUDA.cu.deps".
     1>Done Building Project "D:\Documents\Research\Programming\SAMMParticleTracking3\CUDAParticleTracking\CUDAParticleTracking.vcxproj" (clean target(s)).

Build succeeded.

Time Elapsed 00:02:15.78
