D:\Documents\Research\Programming\SAMMParticleTracking3\CUDAParticleTracking\Release\BPM.cu.cache
D:\Documents\Research\Programming\SAMMParticleTracking3\CUDAParticleTracking\Release\BPM.cu.obj
D:\Documents\Research\Programming\SAMMParticleTracking3\CUDAParticleTracking\Release\cl.command.1.tlog
D:\Documents\Research\Programming\SAMMParticleTracking3\CUDAParticleTracking\Release\CL.read.1.tlog
D:\Documents\Research\Programming\SAMMParticleTracking3\CUDAParticleTracking\Release\CL.write.1.tlog
D:\DOCUMENTS\RESEARCH\PROGRAMMING\SAMMPARTICLETRACKING3\CUDAPARTICLETRACKING\RELEASE\CUDAPARTICLETRACKING.DLL.INTERMEDIATE.MANIFEST
D:\DOCUMENTS\RESEARCH\PROGRAMMING\SAMMPARTICLETRACKING3\CUDAPARTICLETRACKING\RELEASE\CUDAPARTICLETRACKING.OBJ
D:\Documents\Research\Programming\SAMMParticleTracking3\CUDAParticleTracking\Release\CUDAParticleTracking.write.1.tlog
D:\Documents\Research\Programming\SAMMParticleTracking3\CUDAParticleTracking\Release\Dipole.cu.cache
D:\Documents\Research\Programming\SAMMParticleTracking3\CUDAParticleTracking\Release\Dipole.cu.obj
D:\Documents\Research\Programming\SAMMParticleTracking3\CUDAParticleTracking\Release\Drift.cu.cache
D:\Documents\Research\Programming\SAMMParticleTracking3\CUDAParticleTracking\Release\Drift.cu.obj
D:\Documents\Research\Programming\SAMMParticleTracking3\CUDAParticleTracking\Release\FieldMap.cu.cache
D:\Documents\Research\Programming\SAMMParticleTracking3\CUDAParticleTracking\Release\FieldMap.cu.obj
D:\Documents\Research\Programming\SAMMParticleTracking3\CUDAParticleTracking\Release\link.command.1.tlog
D:\Documents\Research\Programming\SAMMParticleTracking3\CUDAParticleTracking\Release\link.read.1.tlog
D:\Documents\Research\Programming\SAMMParticleTracking3\CUDAParticleTracking\Release\link.write.1.tlog
D:\Documents\Research\Programming\SAMMParticleTracking3\CUDAParticleTracking\Release\Marker.cu.cache
D:\Documents\Research\Programming\SAMMParticleTracking3\CUDAParticleTracking\Release\Marker.cu.obj
D:\Documents\Research\Programming\SAMMParticleTracking3\CUDAParticleTracking\Release\mt.command.1.tlog
D:\Documents\Research\Programming\SAMMParticleTracking3\CUDAParticleTracking\Release\mt.read.1.tlog
D:\Documents\Research\Programming\SAMMParticleTracking3\CUDAParticleTracking\Release\mt.write.1.tlog
D:\Documents\Research\Programming\SAMMParticleTracking3\CUDAParticleTracking\Release\Multipole.cu.cache
D:\Documents\Research\Programming\SAMMParticleTracking3\CUDAParticleTracking\Release\Multipole.cu.obj
D:\Documents\Research\Programming\SAMMParticleTracking3\CUDAParticleTracking\Release\OrbitCorrector.cu.cache
D:\Documents\Research\Programming\SAMMParticleTracking3\CUDAParticleTracking\Release\OrbitCorrector.cu.obj
D:\Documents\Research\Programming\SAMMParticleTracking3\CUDAParticleTracking\Release\Quadrupole.cu.cache
D:\Documents\Research\Programming\SAMMParticleTracking3\CUDAParticleTracking\Release\Quadrupole.cu.obj
D:\Documents\Research\Programming\SAMMParticleTracking3\CUDAParticleTracking\Release\RFCavity.cu.cache
D:\Documents\Research\Programming\SAMMParticleTracking3\CUDAParticleTracking\Release\RFCavity.cu.obj
D:\Documents\Research\Programming\SAMMParticleTracking3\CUDAParticleTracking\Release\Sextupole.cu.cache
D:\Documents\Research\Programming\SAMMParticleTracking3\CUDAParticleTracking\Release\Sextupole.cu.obj
D:\Documents\Research\Programming\SAMMParticleTracking3\CUDAParticleTracking\Release\Solenoid.cu.cache
D:\Documents\Research\Programming\SAMMParticleTracking3\CUDAParticleTracking\Release\Solenoid.cu.obj
D:\Documents\Research\Programming\SAMMParticleTracking3\CUDAParticleTracking\Release\TrackCUDA.cu.cache
D:\Documents\Research\Programming\SAMMParticleTracking3\CUDAParticleTracking\Release\TrackCUDA.cu.obj
D:\DOCUMENTS\RESEARCH\PROGRAMMING\SAMMPARTICLETRACKING3\CUDAPARTICLETRACKING\RELEASE\VC100.PDB
D:\DOCUMENTS\RESEARCH\PROGRAMMING\SAMMPARTICLETRACKING3\RELEASE\CUDAPARTICLETRACKING.DLL
D:\Documents\Research\Programming\SAMMParticleTracking3\Release\CUDAParticleTracking.exp
D:\Documents\Research\Programming\SAMMParticleTracking3\Release\CUDAParticleTracking.lib
D:\DOCUMENTS\RESEARCH\PROGRAMMING\SAMMPARTICLETRACKING3\RELEASE\CUDAPARTICLETRACKING.PDB
