Running elegant at Sat Mar 24 00:06:37 2018

This is elegant 33.0.3, Mar  9 2017, by M. Borland, M. Carla', N. Carmignani, M. Ehrlichman, L. Emery, W. Guo, R. Lindberg, V. Sajaev, R. Soliday, Y.-P. Sun, C.-X. Wang, Y. Wang, Y. Wu, and A. Xiao.
=====================================================================================
Thanks for using elegant.  Please cite the following reference in your publications:
  M. Borland, "elegant: A Flexible SDDS-Compliant Code for Accelerator Simulation,"
  Advanced Photon Source LS-287, September 2000.
If you use a modified version, please indicate this in all publications.
=====================================================================================
Link date: Mar  9 2017 17:40:15, SVN revision: 23935M
statistics:    ET:     00:00:00 CP:    0.04 BIO:0 DIO:0 PF:0 MEM:0
&global_settings
    inhibit_fsync = 0,
    echo_namelists = 1,
    mpi_randomization_mode = 3,
    exact_normalized_emittance = 0,
    SR_gaussian_limit = 3.000000000000000e+00,
    inhibit_seed_permutation = 0,
    log_file = elegant.log,
    error_log_file = elegant.err,
&end
