statistics:    ET:     00:00:00 CP:    0.04 BIO:0 DIO:0 PF:0 MEM:0
&run_setup
    lattice = cla.lte,
    use_beamline = CLA,
    rootname = {NULL},
    output = {NULL},
    centroid = %s.cen,
    sigma = {NULL},
    final = {NULL},
    acceptance = {NULL},
    losses = {NULL},
    magnets = {NULL},
    semaphore_file = {NULL},
    parameters = {NULL},
    combine_bunch_statistics = 0,
    wrap_around = 1,
    final_pass = 0,
    default_order = 2,
    concat_order = 0,
    print_statistics = 0,
    show_element_timing = 0,
    monitor_memory_usage = 0,
    random_number_seed = 987654321,
    correction_iterations = 1,
    echo_lattice = 0,
    p_central = 7.031000000000000e+01,
    p_central_mev = 0.000000000000000e+00,
    always_change_p0 = 1,
    load_balancing_on = 0,
    random_sequence_No = 1,
    expand_for = {NULL},
    tracking_updates = 1,
    search_path = {NULL},
    element_divisions = 0,
&end
Seeding random number generators
length of beamline CLA per pass: 7.484237000000000e+00 m
statistics:    ET:     00:00:00 CP:    0.04 BIO:0 DIO:0 PF:0 MEM:0
&run_control
    n_steps = 1,
    bunch_frequency = 0.000000000000000e+00,
    n_indices = 0,
    n_passes = 1,
    n_passes_fiducial = 0,
    reset_rf_for_each_step = 1,
    first_is_fiducial = 0,
    restrict_fiducialization = 0,
    reset_scattering_seed = 0,
&end
statistics:    ET:     00:00:00 CP:    0.04 BIO:0 DIO:0 PF:0 MEM:0
&twiss_output
    filename = %s.twi,
    matched = 0,
    output_at_each_step = 0,
    output_before_tune_correction = 0,
    final_values_only = 0,
    statistics = 1,
    radiation_integrals = 1,
    beta_x = 1.630833882700000e+01,
    alpha_x = -1.963857215650000e+00,
    eta_x = 0.000000000000000e+00,
    etap_x = 0.000000000000000e+00,
    beta_y = 1.903138925170000e+01,
    alpha_y = -2.231479472120000e+00,
    eta_y = 0.000000000000000e+00,
    etap_y = 0.000000000000000e+00,
    reference_file = {NULL},
    reference_element = {NULL},
    reference_element_occurrence = 0,
    reflect_reference_values = 0,
    concat_order = 3,
    higher_order_chromaticity = 0,
    higher_order_chromaticity_points = 5,
    higher_order_chromaticity_range = 4.000000000000000e-04,
    quick_higher_order_chromaticity = 0,
    chromatic_tune_spread_half_range = 0.000000000000000e+00,
    cavities_are_drifts_if_matched = 1,
    compute_driving_terms = 0,
    leading_order_driving_terms_only = 0,
    s_dependent_driving_terms_file = {NULL},
    local_dispersion = 1,
    n_periods = 1,
&end
final Twiss parameters (chromaticity valid for fully second-order calculation only!):
         beta          alpha           nu           eta          eta'       dnu/d(dp/p)   dbeta/(dp/p)     accept.
          m                          1/2pi           m                         1/2pi            m          mm-mrad
--------------------------------------------------------------------------------------------------------------------
  x:  6.683961e+00  2.585782e+00  5.863155e-02  0.000000e+00  0.000000e+00 -2.461750e-02  8.984164e+00  2.795222e+00
ave:  2.469706e+01 -1.700812e-01                0.000000e+00  0.000000e+00
min:  6.683961e+00 -4.798337e+00                0.000000e+00  0.000000e+00
max:  3.662294e+01  2.585782e+00                0.000000e+00  0.000000e+00
  y:  5.310607e+01 -5.956483e-01  3.920345e-02  0.000000e+00  0.000000e+00 -3.026953e-03 -8.071812e+00  3.208839e+00
ave:  3.322545e+01 -2.653548e+00                0.000000e+00  0.000000e+00
min:  1.903139e+01 -6.066836e+00                0.000000e+00  0.000000e+00
max:  5.310607e+01  2.446116e-01                0.000000e+00  0.000000e+00
x acceptance limited to 2.795222e-06 by DRIFT13 ending at 3.377027e+00 m
y acceptance limited to 3.208839e-06 by DRIFT13 ending at 3.377027e+00 m
End of input data encountered.
statistics:    ET:     00:00:00 CP:    0.05 BIO:0 DIO:0 PF:0 MEM:0
=====================================================================================
Thanks for using elegant.  Please cite the following reference in your publications:
  M. Borland, "elegant: A Flexible SDDS-Compliant Code for Accelerator Simulation,"
  Advanced Photon Source LS-287, September 2000.
If you use a modified version, please indicate this in all publications.
=====================================================================================
